Build started 2014/8/8 14:08:54.
     1>Project "E:\Code\NewCatchFish_03_18\Test\SamplePrj.vcxproj" on node 4 (build target(s)).
     1>PrepareForBuild:
         Creating directory "E:\Code\NewCatchFish_03_18\TestRelease\".
       InitializeBuildStatus:
         Creating "TestRelease\Test.unsuccessfulbuild" because "AlwaysCreate" was specified.
       ClCompile:
         C:\Program Files\Microsoft Visual Studio 10.0\VC\bin\CL.exe /c /Zi /nologo /W1 /WX- /O2 /Oy- /Gm- /EHsc /MD /GS /fp:precise /Zc:wchar_t /Zc:forScope /Fo"TestRelease\\" /Fd"TestRelease\vc100.pdb" /Gd /TP /analyze- /errorReport:prompt Main.cpp
         Main.cpp
     1>Main.cpp(34): fatal error C1083: Cannot open include file: 'QcCore.hpp': No such file or directory
     1>Done Building Project "E:\Code\NewCatchFish_03_18\Test\SamplePrj.vcxproj" (build target(s)) -- FAILED.

Build FAILED.

Time Elapsed 00:00:01.02
